<?xml version="1.0" encoding="UTF-8"?>
<!-- Generated by org.testng.reporters.JUnitReportReporter -->
<testsuite hostname="Lazaro-PC" name="testcases.SearchDatabase" tests="1" failures="0" timestamp="1 Nov 2014 22:09:51 GMT" time="7.097" errors="0">
  <testcase name="verifyModularAdd" time="7.097" classname="testcases.SearchDatabase"/>
</testsuite> <!-- testcases.SearchDatabase -->
