<?xml version="1.0" encoding="UTF-8"?>
<!-- Generated by org.testng.reporters.JUnitReportReporter -->
<testsuite hostname="Lazaro-PC" name="CustomSearchTests" tests="2" failures="0" timestamp="1 Dec 2014 09:23:28 GMT" time="46.460" errors="0">
  <testcase name="verifyBasicUILayout" time="21.555" classname="CustomSearchTests"/>
  <testcase name="verifyDataStorage" time="24.905" classname="CustomSearchTests"/>
</testsuite> <!-- CustomSearchTests -->
