<?xml version="1.0" encoding="UTF-8"?>
<!-- Generated by org.testng.reporters.JUnitReportReporter -->
<testsuite hostname="Lazaro-PC" name="DatabaseExplorerTests" tests="1" failures="0" timestamp="1 Dec 2014 09:23:28 GMT" time="36.226" errors="0">
  <testcase name="verifyRendering" time="36.226" classname="DatabaseExplorerTests"/>
</testsuite> <!-- DatabaseExplorerTests -->
