<?xml version="1.0" encoding="UTF-8"?>
<!-- Generated by org.testng.reporters.JUnitReportReporter -->
<testsuite hostname="Lazaro-PC" name="DatabaseExplorerTests" tests="1" failures="0" timestamp="1 Dec 2014 04:20:42 GMT" time="20.322" errors="0">
  <testcase name="verifyRendering" time="20.322" classname="DatabaseExplorerTests"/>
</testsuite> <!-- DatabaseExplorerTests -->
